<?xml version="1.0" encoding="UTF-8"?>
<testsuite name="BeforeEachTest$BeforeTest" tests="1" skipped="0" failures="0" errors="0" timestamp="2023-03-20T00:16:24" hostname="DESKTOP-7K1S9PD" time="0.012">
  <properties/>
  <testcase name="test()" classname="BeforeEachTest$BeforeTest" time="0.012"/>
  <system-out><![CDATA[OutBefore
InnerBefore
Test
InnerAfter
OutAfter
]]></system-out>
  <system-err><![CDATA[]]></system-err>
</testsuite>
